2025-05-30 10:05:16 error: Error getting inactive PPPoE users: activeConnections.map is not a function
2025-12-12 20:02:57 error: Error connecting to Mikrotik: 
2025-12-12 20:02:57 error: No Mikrotik connection available
2025-12-12 20:02:57 error: Error connecting to Mikrotik: 
2025-12-12 20:02:57 error: No Mikrotik connection available for PPPoE monitoring
2025-12-12 20:03:57 error: Error connecting to Mikrotik: 
2025-12-12 20:03:57 error: No Mikrotik connection available
2025-12-12 20:03:57 error: Error connecting to Mikrotik: 
2025-12-12 20:03:57 error: No Mikrotik connection available for PPPoE monitoring
2025-12-12 20:04:57 error: Error connecting to Mikrotik: 
2025-12-12 20:04:57 error: No Mikrotik connection available
2025-12-12 20:04:57 error: Error connecting to Mikrotik: 
2025-12-12 20:04:57 error: No Mikrotik connection available for PPPoE monitoring
2025-12-12 20:06:27 error: Error connecting to Mikrotik: 
2025-12-12 20:06:27 error: No Mikrotik connection available
2025-12-12 20:06:27 error: Error connecting to Mikrotik: 
2025-12-12 20:06:27 error: No Mikrotik connection available for PPPoE monitoring
2025-12-12 20:07:27 error: Error connecting to Mikrotik: 
2025-12-12 20:07:27 error: No Mikrotik connection available
2025-12-12 20:07:27 error: Error connecting to Mikrotik: 
2025-12-12 20:07:27 error: No Mikrotik connection available for PPPoE monitoring
2025-12-12 20:08:27 error: Error connecting to Mikrotik: 
2025-12-12 20:08:27 error: No Mikrotik connection available
2025-12-12 20:08:27 error: Error connecting to Mikrotik: 
2025-12-12 20:08:27 error: No Mikrotik connection available for PPPoE monitoring
2025-12-12 20:09:27 error: Error connecting to Mikrotik: 
2025-12-12 20:09:27 error: No Mikrotik connection available
2025-12-12 20:09:27 error: Error connecting to Mikrotik: 
2025-12-12 20:09:27 error: No Mikrotik connection available for PPPoE monitoring
2025-12-12 20:10:27 error: Error connecting to Mikrotik: 
2025-12-12 20:10:27 error: No Mikrotik connection available
2025-12-12 20:10:27 error: Error connecting to Mikrotik: 
2025-12-12 20:10:27 error: No Mikrotik connection available for PPPoE monitoring
2025-12-12 20:10:28 error: Error connecting to Mikrotik: 
2025-12-12 20:11:27 error: Error connecting to Mikrotik: 
2025-12-12 20:11:27 error: No Mikrotik connection available
2025-12-12 20:11:27 error: Error connecting to Mikrotik: 
2025-12-12 20:11:27 error: No Mikrotik connection available for PPPoE monitoring
2025-12-12 20:12:27 error: Error connecting to Mikrotik: 
2025-12-12 20:12:27 error: No Mikrotik connection available
2025-12-12 20:12:27 error: Error connecting to Mikrotik: 
2025-12-12 20:12:27 error: No Mikrotik connection available for PPPoE monitoring
2025-12-12 20:13:27 error: Error connecting to Mikrotik: 
2025-12-12 20:13:27 error: No Mikrotik connection available
2025-12-12 20:13:27 error: Error connecting to Mikrotik: 
2025-12-12 20:13:27 error: No Mikrotik connection available for PPPoE monitoring
2025-12-12 20:14:27 error: Error connecting to Mikrotik: 
2025-12-12 20:14:27 error: No Mikrotik connection available
2025-12-12 20:14:27 error: Error connecting to Mikrotik: 
2025-12-12 20:14:27 error: No Mikrotik connection available for PPPoE monitoring
2025-12-12 20:20:10 error: Error finding device with phone number 85280887435270: No device found with phone number: 85280887435270
2025-12-12 20:20:15 error: Error finding device with phone number 85280887435270: No device found with phone number: 85280887435270
